{
  "stats": {
    "suites": 1,
    "tests": 5,
    "passes": 5,
    "pending": 0,
    "failures": 0,
    "start": "2024-05-21T13:53:19.954Z",
    "end": "2024-05-21T13:54:34.845Z",
    "duration": 74891,
    "testsRegistered": 5,
    "passPercent": 100,
    "pendingPercent": 0,
    "other": 0,
    "hasOther": false,
    "skipped": 0,
    "hasSkipped": false
  },
  "results": [
    {
      "uuid": "8ae03a2f-9f26-44f3-8d56-c1e5da206d27",
      "title": "",
      "fullFile": "cypress\\e2e\\5element.spec.js",
      "file": "cypress\\e2e\\5element.spec.js",
      "beforeHooks": [],
      "afterHooks": [],
      "tests": [],
      "suites": [
        {
          "uuid": "d9639df0-7e70-4db3-aeba-b50265f41fb6",
          "title": "E2E site check The Fifth Element site",
          "fullFile": "",
          "file": "",
          "beforeHooks": [],
          "afterHooks": [],
          "tests": [
            {
              "title": "should check out the main elements on the home page",
              "fullTitle": "E2E site check The Fifth Element site should check out the main elements on the home page",
              "timedOut": null,
              "duration": 4643,
              "state": "passed",
              "speed": "fast",
              "pass": true,
              "fail": false,
              "pending": false,
              "context": null,
              "code": "cy.visit('https://5element.by/');\nCatalog.catalogButton.should('be.visible');\nFooter.socialLinks.should('be.visible');\nHitSalesMenu.secondNavItem.should('be.visible');\nMainMenu.carouselSliderElement.should('be.visible');\nPopularCarousel.carouselCategoriesElement.should('be.visible');\nSeasonalGoods.navBarCarouselElement.should('be.visible');\nServices.navBarCarouselElement.should('be.visible');\nMainPage.heroSlider.should('be.visible');",
              "err": {},
              "uuid": "b49709c4-f28c-4fa2-929d-064fa4d52628",
              "parentUUID": "d9639df0-7e70-4db3-aeba-b50265f41fb6",
              "isHook": false,
              "skipped": false
            },
            {
              "title": "should accept cookies",
              "fullTitle": "E2E site check The Fifth Element site should accept cookies",
              "timedOut": null,
              "duration": 15542,
              "state": "passed",
              "speed": "slow",
              "pass": true,
              "fail": false,
              "pending": false,
              "context": null,
              "code": "cy.visit('https://5element.by/');\nCookiePopup.waitAndClose();",
              "err": {},
              "uuid": "eba42464-fb92-4a92-ae3a-de67004572e9",
              "parentUUID": "d9639df0-7e70-4db3-aeba-b50265f41fb6",
              "isHook": false,
              "skipped": false
            },
            {
              "title": "should check ability to add items to cart or remove them from there",
              "fullTitle": "E2E site check The Fifth Element site should check ability to add items to cart or remove them from there",
              "timedOut": null,
              "duration": 28131,
              "state": "passed",
              "speed": "slow",
              "pass": true,
              "fail": false,
              "pending": false,
              "context": null,
              "code": "cy.visit('https://5element.by/');\nCatalog.catalogButton.click();\nCatalog.clickElementByIndex(Catalog.catalogWrap, 1);\ncy.url().should('eq', 'https://5element.by/catalog/9-smartfony-i-gadzhety');\nCatalog.getSmartphonesLink().click();\nCatalog.getAddToCartButton().click();\nCatalog.getGoToCartLink().click();\nCart.getCartIconWithItemCount().should('contain', '1');\nCart.clickCartIcon();\nCart.getInputCounterValue().should('have.value', '1');\nCart.clickPlusButtonMultipleTimes(8);\nCart.getCartIconWithItemCount().should('contain', '9');\nCart.getInputCounterValue().should('have.value', '9');\nCart.clickMinusButtonMultipleTimes(7);\nCart.getCartIconWithItemCount().should('contain', '2');\nCart.getInputCounterValue().should('have.value', '2');\nCart.clickRemoveSelected();\nCart.getCartIconWithItemCount().should('not.exist');\nCart.isCartMainSectionNotExist();",
              "err": {},
              "uuid": "045cb4bb-9e5b-44e3-8a3a-d94f106eb51d",
              "parentUUID": "d9639df0-7e70-4db3-aeba-b50265f41fb6",
              "isHook": false,
              "skipped": false
            },
            {
              "title": "should check randomly test product filters",
              "fullTitle": "E2E site check The Fifth Element site should check randomly test product filters",
              "timedOut": null,
              "duration": 9188,
              "state": "passed",
              "speed": "medium",
              "pass": true,
              "fail": false,
              "pending": false,
              "context": null,
              "code": "cy.visit('https://5element.by/');\nMainMenu.clickSmartphonesLink();\nPreWaiter.interceptAndWaitForRequests();\nCatalog.selectRandomCheckboxFromFilter1();\nPreWaiter.waitForRequestsToComplete();\nWaiter.waitForCatalogUpdate();\nPreWaiter.interceptAndWaitForRequests();\nCatalog.selectRandomCheckboxFromFilter2();\nPreWaiter.waitForRequestsToComplete();\nWaiter.waitForCatalogUpdate();\nCatalog.selectRandomCheckboxFromFilter3();",
              "err": {},
              "uuid": "a0a4ba45-7ef6-4869-8702-304bb242e00a",
              "parentUUID": "d9639df0-7e70-4db3-aeba-b50265f41fb6",
              "isHook": false,
              "skipped": false
            },
            {
              "title": "should check ability to compare products with each other",
              "fullTitle": "E2E site check The Fifth Element site should check ability to compare products with each other",
              "timedOut": null,
              "duration": 13717,
              "state": "passed",
              "speed": "slow",
              "pass": true,
              "fail": false,
              "pending": false,
              "context": null,
              "code": "cy.visit('https://5element.by/');\nCatalog.catalogButton.click();\nCatalog.clickElementByIndex(Catalog.catalogWrap, 1);\ncy.url().should('eq', 'https://5element.by/catalog/9-smartfony-i-gadzhety');\nCatalog.getSmartphonesLink().click();\nCatalog.selectRandomCheckboxFromFilter1();\nCatalog.clickElement(Catalog.compareButtonSelector);\nCatalog.selectRandomCheckboxFromFilter2();\nCatalog.clickElement(Catalog.compareButtonSelector);\nCatalog.activeCompareButtonSelector;\nCatalog.goToCompareLinkSelector;\nCatalog.productCardSelector.should('exist');",
              "err": {},
              "uuid": "6b273fdb-1586-4178-8c14-57e8f475d423",
              "parentUUID": "d9639df0-7e70-4db3-aeba-b50265f41fb6",
              "isHook": false,
              "skipped": false
            }
          ],
          "suites": [],
          "passes": [
            "b49709c4-f28c-4fa2-929d-064fa4d52628",
            "eba42464-fb92-4a92-ae3a-de67004572e9",
            "045cb4bb-9e5b-44e3-8a3a-d94f106eb51d",
            "a0a4ba45-7ef6-4869-8702-304bb242e00a",
            "6b273fdb-1586-4178-8c14-57e8f475d423"
          ],
          "failures": [],
          "pending": [],
          "skipped": [],
          "duration": 71221,
          "root": false,
          "rootEmpty": false,
          "_timeout": 2000
        }
      ],
      "passes": [],
      "failures": [],
      "pending": [],
      "skipped": [],
      "duration": 0,
      "root": true,
      "rootEmpty": true,
      "_timeout": 2000
    }
  ],
  "meta": {
    "mocha": {
      "version": "7.0.1"
    },
    "mochawesome": {
      "options": {
        "quiet": false,
        "reportFilename": "mochawesome",
        "saveHtml": false,
        "saveJson": true,
        "consoleReporter": "spec",
        "useInlineDiffs": false,
        "code": true
      },
      "version": "7.1.3"
    },
    "marge": {
      "options": {
        "reportDir": "cypress/reports",
        "overwrite": false,
        "html": false,
        "json": true
      },
      "version": "6.2.0"
    }
  }
}