{
  "stats": {
    "suites": 1,
    "tests": 3,
    "passes": 3,
    "pending": 0,
    "failures": 0,
    "start": "2024-05-21T13:54:37.759Z",
    "end": "2024-05-21T13:54:40.098Z",
    "duration": 2339,
    "testsRegistered": 3,
    "passPercent": 100,
    "pendingPercent": 0,
    "other": 0,
    "hasOther": false,
    "skipped": 0,
    "hasSkipped": false
  },
  "results": [
    {
      "uuid": "28038087-3916-4ab6-b7fb-bf0cd0189b23",
      "title": "",
      "fullFile": "cypress\\e2e\\API\\api.spec.js",
      "file": "cypress\\e2e\\API\\api.spec.js",
      "beforeHooks": [],
      "afterHooks": [],
      "tests": [],
      "suites": [
        {
          "uuid": "d7674852-822f-4ef4-85bb-e2bd698b6786",
          "title": "Products API",
          "fullFile": "",
          "file": "",
          "beforeHooks": [],
          "afterHooks": [],
          "tests": [
            {
              "title": "should retrieve Xiaomi products and return status 200",
              "fullTitle": "Products API should retrieve Xiaomi products and return status 200",
              "timedOut": null,
              "duration": 1418,
              "state": "passed",
              "speed": "fast",
              "pass": true,
              "fail": false,
              "pending": false,
              "context": null,
              "code": "cy.request('https://5element.by/catalog/377-smartfony/brand=xiaomi').its('status').should('equal', 200);",
              "err": {},
              "uuid": "446029f1-c12b-4f30-824a-a5011276dfb7",
              "parentUUID": "d7674852-822f-4ef4-85bb-e2bd698b6786",
              "isHook": false,
              "skipped": false
            },
            {
              "title": "should retrieve a specific product by ID",
              "fullTitle": "Products API should retrieve a specific product by ID",
              "timedOut": null,
              "duration": 765,
              "state": "passed",
              "speed": "fast",
              "pass": true,
              "fail": false,
              "pending": false,
              "context": null,
              "code": "cy.request(`https://5element.by/products/${productId}`).its('status').should('equal', 200);",
              "err": {},
              "uuid": "be9ebc83-d4fd-4814-bddf-8b40bf1fc1b0",
              "parentUUID": "d7674852-822f-4ef4-85bb-e2bd698b6786",
              "isHook": false,
              "skipped": false
            },
            {
              "title": "should retrieve match JSON schema",
              "fullTitle": "Products API should retrieve match JSON schema",
              "timedOut": null,
              "duration": 84,
              "state": "passed",
              "speed": "fast",
              "pass": true,
              "fail": false,
              "pending": false,
              "context": null,
              "code": "cy.request({\n  method: 'GET',\n  url: 'https://5element.by/ajax/multipoint.php',\n  qs: {\n    action: 'getCompareProducts'\n  }\n}).its('body').then(body => {\n  chai.expect(body).to.be.jsonSchema(schema);\n});",
              "err": {},
              "uuid": "0748f174-39a2-4f32-a161-1e334a28e871",
              "parentUUID": "d7674852-822f-4ef4-85bb-e2bd698b6786",
              "isHook": false,
              "skipped": false
            }
          ],
          "suites": [],
          "passes": [
            "446029f1-c12b-4f30-824a-a5011276dfb7",
            "be9ebc83-d4fd-4814-bddf-8b40bf1fc1b0",
            "0748f174-39a2-4f32-a161-1e334a28e871"
          ],
          "failures": [],
          "pending": [],
          "skipped": [],
          "duration": 2267,
          "root": false,
          "rootEmpty": false,
          "_timeout": 2000
        }
      ],
      "passes": [],
      "failures": [],
      "pending": [],
      "skipped": [],
      "duration": 0,
      "root": true,
      "rootEmpty": true,
      "_timeout": 2000
    }
  ],
  "meta": {
    "mocha": {
      "version": "7.0.1"
    },
    "mochawesome": {
      "options": {
        "quiet": false,
        "reportFilename": "mochawesome",
        "saveHtml": false,
        "saveJson": true,
        "consoleReporter": "spec",
        "useInlineDiffs": false,
        "code": true
      },
      "version": "7.1.3"
    },
    "marge": {
      "options": {
        "reportDir": "cypress/reports",
        "overwrite": false,
        "html": false,
        "json": true
      },
      "version": "6.2.0"
    }
  }
}